<?xml version="1.0"?>
<testsuite name="Firefox 41.0.0 (Windows 8.1 0.0.0)" package="" timestamp="2015-10-23T09:44:00" id="0" hostname="MAXIM-INFOBIG" tests="3" errors="0" failures="0" time="0.02">
  <properties>
    <property name="browser.fullName" value="Mozilla/5.0 (Windows NT 6.3; WOW64; rv:41.0) Gecko/20100101 Firefox/41.0"/>
  </properties>
  <testcase name="should set player's name, passing string as argument" time="0.006" classname="Firefox_41_0_0_(Windows_8_1_0_0_0).Player"/>
  <testcase name="should have a correct default properties" time="0" classname="Firefox_41_0_0_(Windows_8_1_0_0_0).Player"/>
  <testcase name="should set player's properties, passing object as argument (without layer property)" time="0.014" classname="Firefox_41_0_0_(Windows_8_1_0_0_0).Player"/>
  <system-out>
    <![CDATA[
]]>
  </system-out>
  <system-err/>
</testsuite>