<?xml version="1.0"?>
<testsuite name="Chrome 46.0.2490 (Windows 8.1 0.0.0)" package="" timestamp="2015-10-23T09:43:59" id="0" hostname="MAXIM-INFOBIG" tests="3" errors="0" failures="0" time="0.004">
  <properties>
    <property name="browser.fullName" value="Mozilla/5.0 (Windows NT 6.3; WOW64) AppleWebKit/537.36 (KHTML, like Gecko) Chrome/46.0.2490.71 Safari/537.36"/>
  </properties>
  <testcase name="should set player's name, passing string as argument" time="0.002" classname="Chrome_46_0_2490_(Windows_8_1_0_0_0).Player"/>
  <testcase name="should have a correct default properties" time="0.001" classname="Chrome_46_0_2490_(Windows_8_1_0_0_0).Player"/>
  <testcase name="should set player's properties, passing object as argument (without layer property)" time="0.001" classname="Chrome_46_0_2490_(Windows_8_1_0_0_0).Player"/>
  <system-out>
    <![CDATA[
]]>
  </system-out>
  <system-err/>
</testsuite>