<?xml version="1.0"?>
<testsuite name="Chrome 46.0.2490 (Windows 8.1 0.0.0)" package="" timestamp="2015-12-04T14:13:25" id="0" hostname="MAXIM-INFOBIG" tests="25" errors="0" failures="0" time="0.01">
  <properties>
    <property name="browser.fullName" value="Mozilla/5.0 (Windows NT 6.3; WOW64) AppleWebKit/537.36 (KHTML, like Gecko) Chrome/46.0.2490.86 Safari/537.36"/>
  </properties>
  <testcase name="passing object as argument" time="0.001" classname="Chrome_46_0_2490_(Windows_8_1_0_0_0).isHTML test"/>
  <testcase name="passing HTML as argument" time="0" classname="Chrome_46_0_2490_(Windows_8_1_0_0_0).isHTML test"/>
  <testcase name="passing object as argument" time="0" classname="Chrome_46_0_2490_(Windows_8_1_0_0_0).isObject test"/>
  <testcase name="passing null argument" time="0" classname="Chrome_46_0_2490_(Windows_8_1_0_0_0).isObject test"/>
  <testcase name="passing function as argument" time="0" classname="Chrome_46_0_2490_(Windows_8_1_0_0_0).isObject test"/>
  <testcase name="passing object as argument" time="0" classname="Chrome_46_0_2490_(Windows_8_1_0_0_0).isArray test"/>
  <testcase name="passing string as argument" time="0" classname="Chrome_46_0_2490_(Windows_8_1_0_0_0).isArray test"/>
  <testcase name="passing array as argument" time="0" classname="Chrome_46_0_2490_(Windows_8_1_0_0_0).isArray test"/>
  <testcase name="testing gameID [asdasdasd.asdasdaasdwf]" time="0" classname="Chrome_46_0_2490_(Windows_8_1_0_0_0).getFormatedGameID test"/>
  <testcase name="testing gameID [asdasdasd]" time="0.001" classname="Chrome_46_0_2490_(Windows_8_1_0_0_0).getFormatedGameID test"/>
  <testcase name="testing testObj1: {&quot;array&quot;:[1,2,3],&quot;object&quot;:{},&quot;new&quot;:&quot;new&quot;,&quot;updated&quot;:&quot;&quot;}, testObj2: {&quot;array&quot;:[1,2,3],&quot;object&quot;:{},&quot;updated&quot;:&quot;updated&quot;,&quot;deleted&quot;:&quot;deleted&quot;}" time="0.001" classname="Chrome_46_0_2490_(Windows_8_1_0_0_0).deepDiffMapper test"/>
  <testcase name="testing function as a argument" time="0" classname="Chrome_46_0_2490_(Windows_8_1_0_0_0).deepDiffMapper test"/>
  <testcase name="passing object as argument" time="0" classname="Chrome_46_0_2490_(Windows_8_1_0_0_0).AbstractPlayerMove test"/>
  <testcase name="should be an Object with true arguments" time="0" classname="Chrome_46_0_2490_(Windows_8_1_0_0_0).AbstractPlayerMove test"/>
  <testcase name="should be player with name" time="0" classname="Chrome_46_0_2490_(Windows_8_1_0_0_0).AbstractPlayerMove test"/>
  <testcase name="passing object as argument" time="0" classname="Chrome_46_0_2490_(Windows_8_1_0_0_0).GameTile test"/>
  <testcase name="testing setPlayer method" time="0.001" classname="Chrome_46_0_2490_(Windows_8_1_0_0_0).GameTile test"/>
  <testcase name="testing unsetPlayer" time="0" classname="Chrome_46_0_2490_(Windows_8_1_0_0_0).GameTile test"/>
  <testcase name="testing getHTML to be html object and contains button" time="0.002" classname="Chrome_46_0_2490_(Windows_8_1_0_0_0).GameTile test"/>
  <testcase name="should set player's name, passing string as argument" time="0" classname="Chrome_46_0_2490_(Windows_8_1_0_0_0).Player"/>
  <testcase name="should have a correct default properties" time="0.001" classname="Chrome_46_0_2490_(Windows_8_1_0_0_0).Player"/>
  <testcase name="should set player's properties, passing object as argument (without layer property)" time="0" classname="Chrome_46_0_2490_(Windows_8_1_0_0_0).Player"/>
  <testcase name="setting PlayingTile, cheking for Phaser.Tile instance" time="0.001" classname="Chrome_46_0_2490_(Windows_8_1_0_0_0).Player"/>
  <testcase name="constructor" time="0" classname="Chrome_46_0_2490_(Windows_8_1_0_0_0).AbstractG2moku test"/>
  <testcase name="step method test" time="0.002" classname="Chrome_46_0_2490_(Windows_8_1_0_0_0).AbstractG2moku test"/>
  <system-out>
    <![CDATA[Chrome 46.0.2490 (Windows 8.1 0.0.0) LOG: 'setPlayingTile'

]]>
  </system-out>
  <system-err/>
</testsuite>