<?xml version="1.0"?>
<testsuite name="Chrome 46.0.2490 (Windows 7 0.0.0)" package="" timestamp="2015-10-22T15:41:02" id="0" hostname="Maxim-PC" tests="0" errors="1" failures="0" time="0">
  <properties>
    <property name="browser.fullName" value="Mozilla/5.0 (Windows NT 6.1) AppleWebKit/537.36 (KHTML, like Gecko) Chrome/46.0.2490.71 Safari/537.36"/>
  </properties>
  <system-out>
    <![CDATA[Chrome 46.0.2490 (Windows 7 0.0.0) ERROR: 'There is no timestamp for /base/player.js!'
,Chrome 46.0.2490 (Windows 7 0.0.0) ERROR
  Uncaught Error: Script error for: player
  http://requirejs.org/docs/errors.html#scripterror
  at C:/Users/Maxim/AppData/Roaming/npm/node_modules/requirejs/require.js:140

]]>
  </system-out>
  <system-err/>
</testsuite>