<?xml version="1.0"?>
<testsuite name="Chrome 46.0.2490 (Windows 8.1 0.0.0)" package="" timestamp="2015-10-22T08:41:31" id="0" hostname="MAXIM-INFOBIG" tests="0" errors="1" failures="0" time="0">
  <properties>
    <property name="browser.fullName" value="Mozilla/5.0 (Windows NT 6.3; WOW64) AppleWebKit/537.36 (KHTML, like Gecko) Chrome/46.0.2490.71 Safari/537.36"/>
  </properties>
  <system-out>
    <![CDATA[
]]>
  </system-out>
  <system-err/>
</testsuite>