<?xml version="1.0"?>
<testsuite name="Firefox 37.0.0 (Windows 8.1 0.0.0)" package="" timestamp="2015-10-22T23:50:38" id="0" hostname="MAXIM-INFOBIG" tests="3" errors="0" failures="0" time="0.003">
  <properties>
    <property name="browser.fullName" value="Mozilla/5.0 (Windows NT 6.3; WOW64; rv:37.0) Gecko/20100101 Firefox/37.0"/>
  </properties>
  <testcase name="should set player's name, passing string as argument" time="0.002" classname="Firefox_37_0_0_(Windows_8_1_0_0_0).Player"/>
  <testcase name="should have a correct default properties" time="0" classname="Firefox_37_0_0_(Windows_8_1_0_0_0).Player"/>
  <testcase name="should set player's properties, passing object as argument (without layer property)" time="0.001" classname="Firefox_37_0_0_(Windows_8_1_0_0_0).Player"/>
  <system-out>
    <![CDATA[
]]>
  </system-out>
  <system-err/>
</testsuite>