<?xml version="1.0"?>
<testsuite name="Safari 5.1.7 (Windows 8 0.0.0)" package="" timestamp="2015-10-23T09:43:59" id="0" hostname="MAXIM-INFOBIG" tests="3" errors="0" failures="0" time="0.004">
  <properties>
    <property name="browser.fullName" value="Mozilla/5.0 (Windows NT 6.2; WOW64) AppleWebKit/534.57.2 (KHTML, like Gecko) Version/5.1.7 Safari/534.57.2"/>
  </properties>
  <testcase name="should set player's name, passing string as argument" time="0.002" classname="Safari_5_1_7_(Windows_8_0_0_0).Player"/>
  <testcase name="should have a correct default properties" time="0" classname="Safari_5_1_7_(Windows_8_0_0_0).Player"/>
  <testcase name="should set player's properties, passing object as argument (without layer property)" time="0.002" classname="Safari_5_1_7_(Windows_8_0_0_0).Player"/>
  <system-out>
    <![CDATA[
]]>
  </system-out>
  <system-err/>
</testsuite>